2025-08-17 13:52:44,390 - vessel_data_pipeline - INFO - VesselDataFetcher initialized. Pipeline enabled: True
2025-08-17 13:52:44,390 - vessel_data_pipeline - INFO - Starting vessel data fetch operation
2025-08-17 13:52:44,390 - vessel_data_pipeline - INFO - Discovering XML files from Hong Kong Marine Department portal
2025-08-17 13:52:44,704 - vessel_data_pipeline - INFO - Verified access to Arrived_in_last_36_hours.xml
2025-08-17 13:52:45,003 - vessel_data_pipeline - INFO - Verified access to Departed_in_last_36_hours.xml
2025-08-17 13:52:45,301 - vessel_data_pipeline - INFO - Verified access to Expected_arrivals.xml
2025-08-17 13:52:45,529 - vessel_data_pipeline - INFO - Verified access to Expected_departures.xml
2025-08-17 13:52:45,529 - vessel_data_pipeline - INFO - Discovered 4 XML files for download
2025-08-17 13:52:45,530 - vessel_data_pipeline - INFO - Downloading Arrived_in_last_36_hours.xml (attempt 1/3)
2025-08-17 13:52:45,591 - vessel_data_pipeline - INFO - File temp_Arrived_in_last_36_hours.xml passed validation checks
2025-08-17 13:52:45,592 - vessel_data_pipeline - INFO - Updated metadata for Arrived_in_last_36_hours.xml
2025-08-17 13:52:45,592 - vessel_data_pipeline - INFO - Successfully downloaded and validated Arrived_in_last_36_hours.xml
2025-08-17 13:52:47,597 - vessel_data_pipeline - INFO - Downloading Departed_in_last_36_hours.xml (attempt 1/3)
2025-08-17 13:52:47,648 - vessel_data_pipeline - INFO - File temp_Departed_in_last_36_hours.xml passed validation checks
2025-08-17 13:52:47,648 - vessel_data_pipeline - INFO - Updated metadata for Departed_in_last_36_hours.xml
2025-08-17 13:52:47,649 - vessel_data_pipeline - INFO - Successfully downloaded and validated Departed_in_last_36_hours.xml
2025-08-17 13:52:49,654 - vessel_data_pipeline - INFO - Downloading Expected_arrivals.xml (attempt 1/3)
2025-08-17 13:52:49,770 - vessel_data_pipeline - INFO - File temp_Expected_arrivals.xml passed validation checks
2025-08-17 13:52:49,771 - vessel_data_pipeline - INFO - Updated metadata for Expected_arrivals.xml
2025-08-17 13:52:49,771 - vessel_data_pipeline - INFO - Successfully downloaded and validated Expected_arrivals.xml
2025-08-17 13:52:51,774 - vessel_data_pipeline - INFO - Downloading Expected_departures.xml (attempt 1/3)
2025-08-17 13:52:51,818 - vessel_data_pipeline - INFO - File temp_Expected_departures.xml passed validation checks
2025-08-17 13:52:51,818 - vessel_data_pipeline - INFO - Updated metadata for Expected_departures.xml
2025-08-17 13:52:51,818 - vessel_data_pipeline - INFO - Successfully downloaded and validated Expected_departures.xml
2025-08-17 13:52:53,820 - vessel_data_pipeline - INFO - Fetch operation completed. Results: {'Arrived_in_last_36_hours.xml': True, 'Departed_in_last_36_hours.xml': True, 'Expected_arrivals.xml': True, 'Expected_departures.xml': True}
