2025-10-11 12:31:05,094 - vessel_data_pipeline - INFO - VesselDataFetcher initialized. Pipeline enabled: True
2025-10-11 12:31:05,095 - vessel_data_pipeline - INFO - Starting vessel data fetch operation
2025-10-11 12:31:05,095 - vessel_data_pipeline - INFO - Discovering XML files from Hong Kong Marine Department portal
2025-10-11 12:31:06,002 - vessel_data_pipeline - INFO - Verified access to Arrived_in_last_36_hours.xml
2025-10-11 12:31:06,692 - vessel_data_pipeline - INFO - Verified access to Departed_in_last_36_hours.xml
2025-10-11 12:31:06,952 - vessel_data_pipeline - INFO - Verified access to Expected_arrivals.xml
2025-10-11 12:31:07,188 - vessel_data_pipeline - INFO - VesselDataFetcher initialized. Pipeline enabled: True
2025-10-11 12:31:07,188 - vessel_data_pipeline - INFO - Starting vessel data fetch operation
2025-10-11 12:31:07,188 - vessel_data_pipeline - INFO - Discovering XML files from Hong Kong Marine Department portal
2025-10-11 12:31:07,552 - vessel_data_pipeline - INFO - Verified access to Expected_departures.xml
2025-10-11 12:31:07,552 - vessel_data_pipeline - INFO - Discovered 4 XML files for download
2025-10-11 12:31:07,552 - vessel_data_pipeline - INFO - Downloading Arrived_in_last_36_hours.xml (attempt 1/3)
2025-10-11 12:31:07,711 - vessel_data_pipeline - INFO - Verified access to Arrived_in_last_36_hours.xml
2025-10-11 12:31:08,040 - vessel_data_pipeline - INFO - File temp_Arrived_in_last_36_hours.xml passed validation checks
2025-10-11 12:31:08,041 - vessel_data_pipeline - INFO - Created backup: Arrived_in_last_36_hours_20251011_123108.xml
2025-10-11 12:31:08,041 - vessel_data_pipeline - INFO - Updated metadata for Arrived_in_last_36_hours.xml
2025-10-11 12:31:08,041 - vessel_data_pipeline - INFO - Successfully downloaded and validated Arrived_in_last_36_hours.xml
2025-10-11 12:31:08,427 - vessel_data_pipeline - INFO - Verified access to Departed_in_last_36_hours.xml
2025-10-11 12:31:08,688 - vessel_data_pipeline - INFO - Verified access to Expected_arrivals.xml
2025-10-11 12:31:08,951 - vessel_data_pipeline - INFO - Verified access to Expected_departures.xml
2025-10-11 12:31:08,951 - vessel_data_pipeline - INFO - Discovered 4 XML files for download
2025-10-11 12:31:08,951 - vessel_data_pipeline - INFO - Downloading Arrived_in_last_36_hours.xml (attempt 1/3)
2025-10-11 12:31:09,693 - vessel_data_pipeline - INFO - File temp_Arrived_in_last_36_hours.xml passed validation checks
2025-10-11 12:31:09,694 - vessel_data_pipeline - INFO - Created backup: Arrived_in_last_36_hours_20251011_123109.xml
2025-10-11 12:31:09,694 - vessel_data_pipeline - INFO - Updated metadata for Arrived_in_last_36_hours.xml
2025-10-11 12:31:09,694 - vessel_data_pipeline - INFO - Successfully downloaded and validated Arrived_in_last_36_hours.xml
2025-10-11 12:31:10,043 - vessel_data_pipeline - INFO - Downloading Departed_in_last_36_hours.xml (attempt 1/3)
2025-10-11 12:31:10,151 - vessel_data_pipeline - INFO - File temp_Departed_in_last_36_hours.xml passed validation checks
2025-10-11 12:31:10,151 - vessel_data_pipeline - INFO - Created backup: Departed_in_last_36_hours_20251011_123110.xml
2025-10-11 12:31:10,151 - vessel_data_pipeline - INFO - Updated metadata for Departed_in_last_36_hours.xml
2025-10-11 12:31:10,151 - vessel_data_pipeline - INFO - Successfully downloaded and validated Departed_in_last_36_hours.xml
2025-10-11 12:31:11,699 - vessel_data_pipeline - INFO - Downloading Departed_in_last_36_hours.xml (attempt 1/3)
2025-10-11 12:31:12,152 - vessel_data_pipeline - INFO - Downloading Expected_arrivals.xml (attempt 1/3)
2025-10-11 12:31:12,229 - vessel_data_pipeline - INFO - File temp_Expected_arrivals.xml passed validation checks
2025-10-11 12:31:12,229 - vessel_data_pipeline - INFO - Created backup: Expected_arrivals_20251011_123112.xml
2025-10-11 12:31:12,229 - vessel_data_pipeline - INFO - Updated metadata for Expected_arrivals.xml
2025-10-11 12:31:12,229 - vessel_data_pipeline - INFO - Successfully downloaded and validated Expected_arrivals.xml
2025-10-11 12:31:12,271 - vessel_data_pipeline - INFO - File temp_Departed_in_last_36_hours.xml passed validation checks
2025-10-11 12:31:12,271 - vessel_data_pipeline - INFO - Created backup: Departed_in_last_36_hours_20251011_123112.xml
2025-10-11 12:31:12,272 - vessel_data_pipeline - INFO - Updated metadata for Departed_in_last_36_hours.xml
2025-10-11 12:31:12,272 - vessel_data_pipeline - INFO - Successfully downloaded and validated Departed_in_last_36_hours.xml
2025-10-11 12:31:14,232 - vessel_data_pipeline - INFO - Downloading Expected_departures.xml (attempt 1/3)
2025-10-11 12:31:14,273 - vessel_data_pipeline - INFO - Downloading Expected_arrivals.xml (attempt 1/3)
2025-10-11 12:31:14,788 - vessel_data_pipeline - INFO - File temp_Expected_arrivals.xml passed validation checks
2025-10-11 12:31:14,789 - vessel_data_pipeline - INFO - Created backup: Expected_arrivals_20251011_123114.xml
2025-10-11 12:31:14,789 - vessel_data_pipeline - INFO - Updated metadata for Expected_arrivals.xml
2025-10-11 12:31:14,789 - vessel_data_pipeline - INFO - Successfully downloaded and validated Expected_arrivals.xml
2025-10-11 12:31:14,944 - vessel_data_pipeline - INFO - File temp_Expected_departures.xml passed validation checks
2025-10-11 12:31:14,944 - vessel_data_pipeline - INFO - Created backup: Expected_departures_20251011_123114.xml
2025-10-11 12:31:14,944 - vessel_data_pipeline - INFO - Updated metadata for Expected_departures.xml
2025-10-11 12:31:14,944 - vessel_data_pipeline - INFO - Successfully downloaded and validated Expected_departures.xml
2025-10-11 12:31:16,794 - vessel_data_pipeline - INFO - Downloading Expected_departures.xml (attempt 1/3)
2025-10-11 12:31:16,947 - vessel_data_pipeline - INFO - Fetch operation completed. Results: {'Arrived_in_last_36_hours.xml': True, 'Departed_in_last_36_hours.xml': True, 'Expected_arrivals.xml': True, 'Expected_departures.xml': True}
2025-10-11 12:31:16,952 - vessel_data_pipeline - INFO - VesselDataFetcher initialized. Pipeline enabled: True
2025-10-11 12:31:16,952 - vessel_data_pipeline - INFO - Starting vessel data fetch operation
2025-10-11 12:31:16,961 - vessel_data_pipeline - INFO - Discovering XML files from Hong Kong Marine Department portal
2025-10-11 12:31:17,079 - vessel_data_pipeline - INFO - File temp_Expected_departures.xml passed validation checks
2025-10-11 12:31:17,086 - vessel_data_pipeline - INFO - Created backup: Expected_departures_20251011_123117.xml
2025-10-11 12:31:17,090 - vessel_data_pipeline - INFO - Updated metadata for Expected_departures.xml
2025-10-11 12:31:17,090 - vessel_data_pipeline - INFO - Successfully downloaded and validated Expected_departures.xml
2025-10-11 12:31:17,517 - vessel_data_pipeline - INFO - Verified access to Arrived_in_last_36_hours.xml
2025-10-11 12:31:18,244 - vessel_data_pipeline - INFO - Verified access to Departed_in_last_36_hours.xml
2025-10-11 12:31:18,759 - vessel_data_pipeline - INFO - Verified access to Expected_arrivals.xml
2025-10-11 12:31:18,795 - vessel_data_pipeline - INFO - Verified access to Expected_departures.xml
2025-10-11 12:31:18,795 - vessel_data_pipeline - INFO - Discovered 4 XML files for download
2025-10-11 12:31:18,795 - vessel_data_pipeline - INFO - Downloading Arrived_in_last_36_hours.xml (attempt 1/3)
2025-10-11 12:31:19,093 - vessel_data_pipeline - INFO - Fetch operation completed. Results: {'Arrived_in_last_36_hours.xml': True, 'Departed_in_last_36_hours.xml': True, 'Expected_arrivals.xml': True, 'Expected_departures.xml': True}
2025-10-11 12:31:19,097 - vessel_data_pipeline - INFO - VesselDataFetcher initialized. Pipeline enabled: True
2025-10-11 12:31:19,104 - vessel_data_pipeline - INFO - Starting vessel data fetch operation
2025-10-11 12:31:19,104 - vessel_data_pipeline - INFO - Discovering XML files from Hong Kong Marine Department portal
2025-10-11 12:31:19,574 - vessel_data_pipeline - INFO - File temp_Arrived_in_last_36_hours.xml passed validation checks
2025-10-11 12:31:19,575 - vessel_data_pipeline - INFO - Created backup: Arrived_in_last_36_hours_20251011_123119.xml
2025-10-11 12:31:19,576 - vessel_data_pipeline - INFO - Updated metadata for Arrived_in_last_36_hours.xml
2025-10-11 12:31:19,576 - vessel_data_pipeline - INFO - Successfully downloaded and validated Arrived_in_last_36_hours.xml
2025-10-11 12:31:19,645 - vessel_data_pipeline - INFO - Verified access to Arrived_in_last_36_hours.xml
2025-10-11 12:31:20,578 - vessel_data_pipeline - INFO - Verified access to Departed_in_last_36_hours.xml
2025-10-11 12:31:20,841 - vessel_data_pipeline - INFO - Verified access to Expected_arrivals.xml
2025-10-11 12:31:20,887 - vessel_data_pipeline - INFO - Verified access to Expected_departures.xml
2025-10-11 12:31:20,887 - vessel_data_pipeline - INFO - Discovered 4 XML files for download
2025-10-11 12:31:20,887 - vessel_data_pipeline - INFO - Downloading Arrived_in_last_36_hours.xml (attempt 1/3)
2025-10-11 12:31:21,387 - vessel_data_pipeline - INFO - File temp_Arrived_in_last_36_hours.xml passed validation checks
2025-10-11 12:31:21,387 - vessel_data_pipeline - INFO - Created backup: Arrived_in_last_36_hours_20251011_123121.xml
2025-10-11 12:31:21,388 - vessel_data_pipeline - INFO - Updated metadata for Arrived_in_last_36_hours.xml
2025-10-11 12:31:21,388 - vessel_data_pipeline - INFO - Successfully downloaded and validated Arrived_in_last_36_hours.xml
2025-10-11 12:31:21,581 - vessel_data_pipeline - INFO - Downloading Departed_in_last_36_hours.xml (attempt 1/3)
2025-10-11 12:31:22,078 - vessel_data_pipeline - INFO - File temp_Departed_in_last_36_hours.xml passed validation checks
2025-10-11 12:31:22,078 - vessel_data_pipeline - INFO - Created backup: Departed_in_last_36_hours_20251011_123122.xml
2025-10-11 12:31:22,079 - vessel_data_pipeline - INFO - Updated metadata for Departed_in_last_36_hours.xml
2025-10-11 12:31:22,079 - vessel_data_pipeline - INFO - Successfully downloaded and validated Departed_in_last_36_hours.xml
2025-10-11 12:31:23,393 - vessel_data_pipeline - INFO - Downloading Departed_in_last_36_hours.xml (attempt 1/3)
2025-10-11 12:31:23,932 - vessel_data_pipeline - INFO - File temp_Departed_in_last_36_hours.xml passed validation checks
2025-10-11 12:31:23,933 - vessel_data_pipeline - INFO - Created backup: Departed_in_last_36_hours_20251011_123123.xml
2025-10-11 12:31:23,933 - vessel_data_pipeline - INFO - Updated metadata for Departed_in_last_36_hours.xml
2025-10-11 12:31:23,933 - vessel_data_pipeline - INFO - Successfully downloaded and validated Departed_in_last_36_hours.xml
2025-10-11 12:31:24,081 - vessel_data_pipeline - INFO - Downloading Expected_arrivals.xml (attempt 1/3)
2025-10-11 12:31:25,232 - vessel_data_pipeline - INFO - File temp_Expected_arrivals.xml passed validation checks
2025-10-11 12:31:25,232 - vessel_data_pipeline - INFO - Created backup: Expected_arrivals_20251011_123125.xml
2025-10-11 12:31:25,232 - vessel_data_pipeline - INFO - Updated metadata for Expected_arrivals.xml
2025-10-11 12:31:25,232 - vessel_data_pipeline - INFO - Successfully downloaded and validated Expected_arrivals.xml
2025-10-11 12:31:25,935 - vessel_data_pipeline - INFO - Downloading Expected_arrivals.xml (attempt 1/3)
2025-10-11 12:31:26,199 - vessel_data_pipeline - INFO - File temp_Expected_arrivals.xml passed validation checks
2025-10-11 12:31:26,199 - vessel_data_pipeline - INFO - Created backup: Expected_arrivals_20251011_123126.xml
2025-10-11 12:31:26,200 - vessel_data_pipeline - INFO - Updated metadata for Expected_arrivals.xml
2025-10-11 12:31:26,200 - vessel_data_pipeline - INFO - Successfully downloaded and validated Expected_arrivals.xml
2025-10-11 12:31:27,238 - vessel_data_pipeline - INFO - Downloading Expected_departures.xml (attempt 1/3)
2025-10-11 12:31:27,609 - vessel_data_pipeline - INFO - File temp_Expected_departures.xml passed validation checks
2025-10-11 12:31:27,609 - vessel_data_pipeline - INFO - Created backup: Expected_departures_20251011_123127.xml
2025-10-11 12:31:27,610 - vessel_data_pipeline - INFO - Updated metadata for Expected_departures.xml
2025-10-11 12:31:27,610 - vessel_data_pipeline - INFO - Successfully downloaded and validated Expected_departures.xml
2025-10-11 12:31:28,205 - vessel_data_pipeline - INFO - Downloading Expected_departures.xml (attempt 1/3)
2025-10-11 12:31:28,749 - vessel_data_pipeline - INFO - File temp_Expected_departures.xml passed validation checks
2025-10-11 12:31:28,750 - vessel_data_pipeline - INFO - Created backup: Expected_departures_20251011_123128.xml
2025-10-11 12:31:28,750 - vessel_data_pipeline - INFO - Updated metadata for Expected_departures.xml
2025-10-11 12:31:28,750 - vessel_data_pipeline - INFO - Successfully downloaded and validated Expected_departures.xml
2025-10-11 12:31:29,615 - vessel_data_pipeline - INFO - Fetch operation completed. Results: {'Arrived_in_last_36_hours.xml': True, 'Departed_in_last_36_hours.xml': True, 'Expected_arrivals.xml': True, 'Expected_departures.xml': True}
2025-10-11 12:31:30,751 - vessel_data_pipeline - INFO - Fetch operation completed. Results: {'Arrived_in_last_36_hours.xml': True, 'Departed_in_last_36_hours.xml': True, 'Expected_arrivals.xml': True, 'Expected_departures.xml': True}
2025-10-11 12:54:40,935 - vessel_data_pipeline - INFO - VesselDataFetcher initialized. Pipeline enabled: True
2025-10-11 12:54:40,935 - vessel_data_pipeline - INFO - Starting vessel data fetch operation
2025-10-11 12:54:40,935 - vessel_data_pipeline - INFO - Discovering XML files from Hong Kong Marine Department portal
2025-10-11 12:54:41,966 - vessel_data_pipeline - INFO - Verified access to Arrived_in_last_36_hours.xml
2025-10-11 12:54:43,241 - vessel_data_pipeline - INFO - Verified access to Departed_in_last_36_hours.xml
2025-10-11 12:54:44,322 - vessel_data_pipeline - INFO - Verified access to Expected_arrivals.xml
2025-10-11 12:54:45,191 - vessel_data_pipeline - INFO - Verified access to Expected_departures.xml
2025-10-11 12:54:45,191 - vessel_data_pipeline - INFO - Discovered 4 XML files for download
2025-10-11 12:54:45,191 - vessel_data_pipeline - INFO - Downloading Arrived_in_last_36_hours.xml (attempt 1/3)
2025-10-11 12:54:45,772 - vessel_data_pipeline - INFO - File temp_Arrived_in_last_36_hours.xml passed validation checks
2025-10-11 12:54:45,773 - vessel_data_pipeline - INFO - Created backup: Arrived_in_last_36_hours_20251011_125445.xml
2025-10-11 12:54:45,773 - vessel_data_pipeline - INFO - Updated metadata for Arrived_in_last_36_hours.xml
2025-10-11 12:54:45,773 - vessel_data_pipeline - INFO - Successfully downloaded and validated Arrived_in_last_36_hours.xml
2025-10-11 12:54:47,778 - vessel_data_pipeline - INFO - Downloading Departed_in_last_36_hours.xml (attempt 1/3)
2025-10-11 12:54:48,735 - vessel_data_pipeline - INFO - File temp_Departed_in_last_36_hours.xml passed validation checks
2025-10-11 12:54:48,735 - vessel_data_pipeline - INFO - Created backup: Departed_in_last_36_hours_20251011_125448.xml
2025-10-11 12:54:48,735 - vessel_data_pipeline - INFO - Updated metadata for Departed_in_last_36_hours.xml
2025-10-11 12:54:48,735 - vessel_data_pipeline - INFO - Successfully downloaded and validated Departed_in_last_36_hours.xml
2025-10-11 12:54:50,740 - vessel_data_pipeline - INFO - Downloading Expected_arrivals.xml (attempt 1/3)
2025-10-11 12:54:51,027 - vessel_data_pipeline - INFO - File temp_Expected_arrivals.xml passed validation checks
2025-10-11 12:54:51,028 - vessel_data_pipeline - INFO - Created backup: Expected_arrivals_20251011_125451.xml
2025-10-11 12:54:51,028 - vessel_data_pipeline - INFO - Updated metadata for Expected_arrivals.xml
2025-10-11 12:54:51,028 - vessel_data_pipeline - INFO - Successfully downloaded and validated Expected_arrivals.xml
2025-10-11 12:54:53,033 - vessel_data_pipeline - INFO - Downloading Expected_departures.xml (attempt 1/3)
2025-10-11 12:54:53,287 - vessel_data_pipeline - INFO - File temp_Expected_departures.xml passed validation checks
2025-10-11 12:54:53,288 - vessel_data_pipeline - INFO - Created backup: Expected_departures_20251011_125453.xml
2025-10-11 12:54:53,288 - vessel_data_pipeline - INFO - Updated metadata for Expected_departures.xml
2025-10-11 12:54:53,288 - vessel_data_pipeline - INFO - Successfully downloaded and validated Expected_departures.xml
2025-10-11 12:54:55,292 - vessel_data_pipeline - INFO - Fetch operation completed. Results: {'Arrived_in_last_36_hours.xml': True, 'Departed_in_last_36_hours.xml': True, 'Expected_arrivals.xml': True, 'Expected_departures.xml': True}
2025-10-11 12:54:55,296 - vessel_data_pipeline - INFO - VesselDataFetcher initialized. Pipeline enabled: True
2025-10-11 12:54:55,311 - vessel_data_pipeline - INFO - Starting vessel data fetch operation
2025-10-11 12:54:55,312 - vessel_data_pipeline - INFO - Discovering XML files from Hong Kong Marine Department portal
2025-10-11 12:54:55,976 - vessel_data_pipeline - INFO - Verified access to Arrived_in_last_36_hours.xml
2025-10-11 12:54:56,684 - vessel_data_pipeline - INFO - Verified access to Departed_in_last_36_hours.xml
2025-10-11 12:54:57,154 - vessel_data_pipeline - INFO - Verified access to Expected_arrivals.xml
2025-10-11 12:54:57,661 - vessel_data_pipeline - INFO - Verified access to Expected_departures.xml
2025-10-11 12:54:57,661 - vessel_data_pipeline - INFO - Discovered 4 XML files for download
2025-10-11 12:54:57,661 - vessel_data_pipeline - INFO - Downloading Arrived_in_last_36_hours.xml (attempt 1/3)
2025-10-11 12:54:58,369 - vessel_data_pipeline - INFO - File temp_Arrived_in_last_36_hours.xml passed validation checks
2025-10-11 12:54:58,369 - vessel_data_pipeline - INFO - Created backup: Arrived_in_last_36_hours_20251011_125458.xml
2025-10-11 12:54:58,370 - vessel_data_pipeline - INFO - Updated metadata for Arrived_in_last_36_hours.xml
2025-10-11 12:54:58,370 - vessel_data_pipeline - INFO - Successfully downloaded and validated Arrived_in_last_36_hours.xml
2025-10-11 12:55:00,372 - vessel_data_pipeline - INFO - Downloading Departed_in_last_36_hours.xml (attempt 1/3)
2025-10-11 12:55:00,884 - vessel_data_pipeline - INFO - File temp_Departed_in_last_36_hours.xml passed validation checks
2025-10-11 12:55:00,884 - vessel_data_pipeline - INFO - Created backup: Departed_in_last_36_hours_20251011_125500.xml
2025-10-11 12:55:00,885 - vessel_data_pipeline - INFO - Updated metadata for Departed_in_last_36_hours.xml
2025-10-11 12:55:00,885 - vessel_data_pipeline - INFO - Successfully downloaded and validated Departed_in_last_36_hours.xml
2025-10-11 12:55:02,890 - vessel_data_pipeline - INFO - Downloading Expected_arrivals.xml (attempt 1/3)
2025-10-11 12:55:03,619 - vessel_data_pipeline - INFO - File temp_Expected_arrivals.xml passed validation checks
2025-10-11 12:55:03,619 - vessel_data_pipeline - INFO - Created backup: Expected_arrivals_20251011_125503.xml
2025-10-11 12:55:03,620 - vessel_data_pipeline - INFO - Updated metadata for Expected_arrivals.xml
2025-10-11 12:55:03,620 - vessel_data_pipeline - INFO - Successfully downloaded and validated Expected_arrivals.xml
2025-10-11 12:55:05,624 - vessel_data_pipeline - INFO - Downloading Expected_departures.xml (attempt 1/3)
2025-10-11 12:55:05,931 - vessel_data_pipeline - INFO - File temp_Expected_departures.xml passed validation checks
2025-10-11 12:55:05,932 - vessel_data_pipeline - INFO - Created backup: Expected_departures_20251011_125505.xml
2025-10-11 12:55:05,932 - vessel_data_pipeline - INFO - Updated metadata for Expected_departures.xml
2025-10-11 12:55:05,932 - vessel_data_pipeline - INFO - Successfully downloaded and validated Expected_departures.xml
2025-10-11 12:55:07,937 - vessel_data_pipeline - INFO - Fetch operation completed. Results: {'Arrived_in_last_36_hours.xml': True, 'Departed_in_last_36_hours.xml': True, 'Expected_arrivals.xml': True, 'Expected_departures.xml': True}
2025-10-11 13:37:33,707 - vessel_data_pipeline - INFO - VesselDataFetcher initialized. Pipeline enabled: True
2025-10-11 13:37:33,707 - vessel_data_pipeline - INFO - Starting vessel data fetch operation
2025-10-11 13:37:33,707 - vessel_data_pipeline - INFO - Discovering XML files from Hong Kong Marine Department portal
2025-10-11 13:37:34,270 - vessel_data_pipeline - INFO - Verified access to Arrived_in_last_36_hours.xml
2025-10-11 13:37:34,861 - vessel_data_pipeline - INFO - Verified access to Departed_in_last_36_hours.xml
2025-10-11 13:37:35,252 - vessel_data_pipeline - INFO - Verified access to Expected_arrivals.xml
2025-10-11 13:37:35,681 - vessel_data_pipeline - INFO - Verified access to Expected_departures.xml
2025-10-11 13:37:35,681 - vessel_data_pipeline - INFO - Discovered 4 XML files for download
2025-10-11 13:37:35,681 - vessel_data_pipeline - INFO - Downloading Arrived_in_last_36_hours.xml (attempt 1/3)
2025-10-11 13:37:36,435 - vessel_data_pipeline - INFO - File temp_Arrived_in_last_36_hours.xml passed validation checks
2025-10-11 13:37:36,436 - vessel_data_pipeline - INFO - Created backup: Arrived_in_last_36_hours_20251011_133736.xml
2025-10-11 13:37:36,436 - vessel_data_pipeline - INFO - Updated metadata for Arrived_in_last_36_hours.xml
2025-10-11 13:37:36,436 - vessel_data_pipeline - INFO - Successfully downloaded and validated Arrived_in_last_36_hours.xml
2025-10-11 13:37:38,441 - vessel_data_pipeline - INFO - Downloading Departed_in_last_36_hours.xml (attempt 1/3)
2025-10-11 13:37:38,955 - vessel_data_pipeline - INFO - File temp_Departed_in_last_36_hours.xml passed validation checks
2025-10-11 13:37:38,956 - vessel_data_pipeline - INFO - Created backup: Departed_in_last_36_hours_20251011_133738.xml
2025-10-11 13:37:38,956 - vessel_data_pipeline - INFO - Updated metadata for Departed_in_last_36_hours.xml
2025-10-11 13:37:38,956 - vessel_data_pipeline - INFO - Successfully downloaded and validated Departed_in_last_36_hours.xml
2025-10-11 13:37:39,006 - vessel_data_pipeline - INFO - VesselDataFetcher initialized. Pipeline enabled: True
2025-10-11 13:37:39,006 - vessel_data_pipeline - INFO - Starting vessel data fetch operation
2025-10-11 13:37:39,006 - vessel_data_pipeline - INFO - Discovering XML files from Hong Kong Marine Department portal
2025-10-11 13:37:39,656 - vessel_data_pipeline - INFO - Verified access to Arrived_in_last_36_hours.xml
2025-10-11 13:37:40,344 - vessel_data_pipeline - INFO - Verified access to Departed_in_last_36_hours.xml
2025-10-11 13:37:40,902 - vessel_data_pipeline - INFO - Verified access to Expected_arrivals.xml
2025-10-11 13:37:40,959 - vessel_data_pipeline - INFO - Downloading Expected_arrivals.xml (attempt 1/3)
2025-10-11 13:37:41,159 - vessel_data_pipeline - INFO - Verified access to Expected_departures.xml
2025-10-11 13:37:41,159 - vessel_data_pipeline - INFO - Discovered 4 XML files for download
2025-10-11 13:37:41,159 - vessel_data_pipeline - INFO - Downloading Arrived_in_last_36_hours.xml (attempt 1/3)
2025-10-11 13:37:41,401 - vessel_data_pipeline - INFO - File temp_Expected_arrivals.xml passed validation checks
2025-10-11 13:37:41,402 - vessel_data_pipeline - INFO - Created backup: Expected_arrivals_20251011_133741.xml
2025-10-11 13:37:41,402 - vessel_data_pipeline - INFO - Updated metadata for Expected_arrivals.xml
2025-10-11 13:37:41,402 - vessel_data_pipeline - INFO - Successfully downloaded and validated Expected_arrivals.xml
2025-10-11 13:37:41,735 - vessel_data_pipeline - INFO - File temp_Arrived_in_last_36_hours.xml passed validation checks
2025-10-11 13:37:41,735 - vessel_data_pipeline - INFO - Created backup: Arrived_in_last_36_hours_20251011_133741.xml
2025-10-11 13:37:41,735 - vessel_data_pipeline - INFO - Updated metadata for Arrived_in_last_36_hours.xml
2025-10-11 13:37:41,735 - vessel_data_pipeline - INFO - Successfully downloaded and validated Arrived_in_last_36_hours.xml
2025-10-11 13:37:43,407 - vessel_data_pipeline - INFO - Downloading Expected_departures.xml (attempt 1/3)
2025-10-11 13:37:43,739 - vessel_data_pipeline - INFO - Downloading Departed_in_last_36_hours.xml (attempt 1/3)
2025-10-11 13:37:44,163 - vessel_data_pipeline - INFO - File temp_Expected_departures.xml passed validation checks
2025-10-11 13:37:44,163 - vessel_data_pipeline - INFO - Created backup: Expected_departures_20251011_133744.xml
2025-10-11 13:37:44,164 - vessel_data_pipeline - INFO - Updated metadata for Expected_departures.xml
2025-10-11 13:37:44,164 - vessel_data_pipeline - INFO - Successfully downloaded and validated Expected_departures.xml
2025-10-11 13:37:44,279 - vessel_data_pipeline - INFO - File temp_Departed_in_last_36_hours.xml passed validation checks
2025-10-11 13:37:44,280 - vessel_data_pipeline - INFO - Created backup: Departed_in_last_36_hours_20251011_133744.xml
2025-10-11 13:37:44,280 - vessel_data_pipeline - INFO - Updated metadata for Departed_in_last_36_hours.xml
2025-10-11 13:37:44,280 - vessel_data_pipeline - INFO - Successfully downloaded and validated Departed_in_last_36_hours.xml
2025-10-11 13:37:46,165 - vessel_data_pipeline - INFO - Fetch operation completed. Results: {'Arrived_in_last_36_hours.xml': True, 'Departed_in_last_36_hours.xml': True, 'Expected_arrivals.xml': True, 'Expected_departures.xml': True}
2025-10-11 13:37:46,180 - vessel_data_pipeline - INFO - VesselDataFetcher initialized. Pipeline enabled: True
2025-10-11 13:37:46,183 - vessel_data_pipeline - INFO - Starting vessel data fetch operation
2025-10-11 13:37:46,183 - vessel_data_pipeline - INFO - Discovering XML files from Hong Kong Marine Department portal
2025-10-11 13:37:46,286 - vessel_data_pipeline - INFO - Downloading Expected_arrivals.xml (attempt 1/3)
2025-10-11 13:37:46,600 - vessel_data_pipeline - INFO - File temp_Expected_arrivals.xml passed validation checks
2025-10-11 13:37:46,621 - vessel_data_pipeline - INFO - Created backup: Expected_arrivals_20251011_133746.xml
2025-10-11 13:37:46,627 - vessel_data_pipeline - INFO - Updated metadata for Expected_arrivals.xml
2025-10-11 13:37:46,633 - vessel_data_pipeline - INFO - Successfully downloaded and validated Expected_arrivals.xml
2025-10-11 13:37:46,730 - vessel_data_pipeline - INFO - Verified access to Arrived_in_last_36_hours.xml
2025-10-11 13:37:47,720 - vessel_data_pipeline - INFO - Verified access to Departed_in_last_36_hours.xml
2025-10-11 13:37:48,238 - vessel_data_pipeline - INFO - Verified access to Expected_arrivals.xml
2025-10-11 13:37:48,635 - vessel_data_pipeline - INFO - Downloading Expected_departures.xml (attempt 1/3)
2025-10-11 13:37:48,722 - vessel_data_pipeline - INFO - Verified access to Expected_departures.xml
2025-10-11 13:37:48,722 - vessel_data_pipeline - INFO - Discovered 4 XML files for download
2025-10-11 13:37:48,722 - vessel_data_pipeline - INFO - Downloading Arrived_in_last_36_hours.xml (attempt 1/3)
2025-10-11 13:37:48,908 - vessel_data_pipeline - INFO - File temp_Expected_departures.xml passed validation checks
2025-10-11 13:37:48,909 - vessel_data_pipeline - INFO - Created backup: Expected_departures_20251011_133748.xml
2025-10-11 13:37:48,909 - vessel_data_pipeline - INFO - Updated metadata for Expected_departures.xml
2025-10-11 13:37:48,909 - vessel_data_pipeline - INFO - Successfully downloaded and validated Expected_departures.xml
2025-10-11 13:37:49,446 - vessel_data_pipeline - INFO - File temp_Arrived_in_last_36_hours.xml passed validation checks
2025-10-11 13:37:49,446 - vessel_data_pipeline - INFO - Created backup: Arrived_in_last_36_hours_20251011_133749.xml
2025-10-11 13:37:49,447 - vessel_data_pipeline - INFO - Updated metadata for Arrived_in_last_36_hours.xml
2025-10-11 13:37:49,447 - vessel_data_pipeline - INFO - Successfully downloaded and validated Arrived_in_last_36_hours.xml
2025-10-11 13:37:50,912 - vessel_data_pipeline - INFO - Fetch operation completed. Results: {'Arrived_in_last_36_hours.xml': True, 'Departed_in_last_36_hours.xml': True, 'Expected_arrivals.xml': True, 'Expected_departures.xml': True}
2025-10-11 13:37:50,921 - vessel_data_pipeline - INFO - VesselDataFetcher initialized. Pipeline enabled: True
2025-10-11 13:37:50,924 - vessel_data_pipeline - INFO - Starting vessel data fetch operation
2025-10-11 13:37:50,929 - vessel_data_pipeline - INFO - Discovering XML files from Hong Kong Marine Department portal
2025-10-11 13:37:51,452 - vessel_data_pipeline - INFO - Downloading Departed_in_last_36_hours.xml (attempt 1/3)
2025-10-11 13:37:51,512 - vessel_data_pipeline - INFO - Verified access to Arrived_in_last_36_hours.xml
2025-10-11 13:37:51,786 - vessel_data_pipeline - INFO - Verified access to Departed_in_last_36_hours.xml
2025-10-11 13:37:52,053 - vessel_data_pipeline - INFO - Verified access to Expected_arrivals.xml
2025-10-11 13:37:52,359 - vessel_data_pipeline - INFO - File temp_Departed_in_last_36_hours.xml passed validation checks
2025-10-11 13:37:52,360 - vessel_data_pipeline - INFO - Created backup: Departed_in_last_36_hours_20251011_133752.xml
2025-10-11 13:37:52,360 - vessel_data_pipeline - INFO - Updated metadata for Departed_in_last_36_hours.xml
2025-10-11 13:37:52,360 - vessel_data_pipeline - INFO - Successfully downloaded and validated Departed_in_last_36_hours.xml
2025-10-11 13:37:52,379 - vessel_data_pipeline - INFO - Verified access to Expected_departures.xml
2025-10-11 13:37:52,379 - vessel_data_pipeline - INFO - Discovered 4 XML files for download
2025-10-11 13:37:52,379 - vessel_data_pipeline - INFO - Downloading Arrived_in_last_36_hours.xml (attempt 1/3)
2025-10-11 13:37:53,324 - vessel_data_pipeline - INFO - File temp_Arrived_in_last_36_hours.xml passed validation checks
2025-10-11 13:37:53,324 - vessel_data_pipeline - INFO - Created backup: Arrived_in_last_36_hours_20251011_133753.xml
2025-10-11 13:37:53,324 - vessel_data_pipeline - INFO - Updated metadata for Arrived_in_last_36_hours.xml
2025-10-11 13:37:53,324 - vessel_data_pipeline - INFO - Successfully downloaded and validated Arrived_in_last_36_hours.xml
2025-10-11 13:37:54,365 - vessel_data_pipeline - INFO - Downloading Expected_arrivals.xml (attempt 1/3)
2025-10-11 13:37:55,044 - vessel_data_pipeline - INFO - File temp_Expected_arrivals.xml passed validation checks
2025-10-11 13:37:55,044 - vessel_data_pipeline - INFO - Created backup: Expected_arrivals_20251011_133755.xml
2025-10-11 13:37:55,045 - vessel_data_pipeline - INFO - Updated metadata for Expected_arrivals.xml
2025-10-11 13:37:55,045 - vessel_data_pipeline - INFO - Successfully downloaded and validated Expected_arrivals.xml
2025-10-11 13:37:55,329 - vessel_data_pipeline - INFO - Downloading Departed_in_last_36_hours.xml (attempt 1/3)
2025-10-11 13:37:55,866 - vessel_data_pipeline - INFO - File temp_Departed_in_last_36_hours.xml passed validation checks
2025-10-11 13:37:55,866 - vessel_data_pipeline - INFO - Created backup: Departed_in_last_36_hours_20251011_133755.xml
2025-10-11 13:37:55,866 - vessel_data_pipeline - INFO - Updated metadata for Departed_in_last_36_hours.xml
2025-10-11 13:37:55,866 - vessel_data_pipeline - INFO - Successfully downloaded and validated Departed_in_last_36_hours.xml
2025-10-11 13:37:57,050 - vessel_data_pipeline - INFO - Downloading Expected_departures.xml (attempt 1/3)
2025-10-11 13:37:57,529 - vessel_data_pipeline - INFO - File temp_Expected_departures.xml passed validation checks
2025-10-11 13:37:57,529 - vessel_data_pipeline - INFO - Created backup: Expected_departures_20251011_133757.xml
2025-10-11 13:37:57,530 - vessel_data_pipeline - INFO - Updated metadata for Expected_departures.xml
2025-10-11 13:37:57,530 - vessel_data_pipeline - INFO - Successfully downloaded and validated Expected_departures.xml
2025-10-11 13:37:57,871 - vessel_data_pipeline - INFO - Downloading Expected_arrivals.xml (attempt 1/3)
2025-10-11 13:37:58,231 - vessel_data_pipeline - INFO - File temp_Expected_arrivals.xml passed validation checks
2025-10-11 13:37:58,232 - vessel_data_pipeline - INFO - Created backup: Expected_arrivals_20251011_133758.xml
2025-10-11 13:37:58,232 - vessel_data_pipeline - INFO - Updated metadata for Expected_arrivals.xml
2025-10-11 13:37:58,232 - vessel_data_pipeline - INFO - Successfully downloaded and validated Expected_arrivals.xml
2025-10-11 13:37:59,534 - vessel_data_pipeline - INFO - Fetch operation completed. Results: {'Arrived_in_last_36_hours.xml': True, 'Departed_in_last_36_hours.xml': True, 'Expected_arrivals.xml': True, 'Expected_departures.xml': True}
2025-10-11 13:38:00,237 - vessel_data_pipeline - INFO - Downloading Expected_departures.xml (attempt 1/3)
2025-10-11 13:38:00,552 - vessel_data_pipeline - INFO - File temp_Expected_departures.xml passed validation checks
2025-10-11 13:38:00,555 - vessel_data_pipeline - INFO - Created backup: Expected_departures_20251011_133800.xml
2025-10-11 13:38:00,556 - vessel_data_pipeline - INFO - Updated metadata for Expected_departures.xml
2025-10-11 13:38:00,556 - vessel_data_pipeline - INFO - Successfully downloaded and validated Expected_departures.xml
2025-10-11 13:38:02,562 - vessel_data_pipeline - INFO - Fetch operation completed. Results: {'Arrived_in_last_36_hours.xml': True, 'Departed_in_last_36_hours.xml': True, 'Expected_arrivals.xml': True, 'Expected_departures.xml': True}
2025-10-11 16:49:30,917 - vessel_data_pipeline - INFO - VesselDataFetcher initialized. Pipeline enabled: True
2025-10-11 16:49:30,917 - vessel_data_pipeline - INFO - Starting vessel data fetch operation
2025-10-11 16:49:30,917 - vessel_data_pipeline - INFO - Discovering XML files from Hong Kong Marine Department portal
2025-10-11 16:49:31,288 - vessel_data_pipeline - INFO - Verified access to Arrived_in_last_36_hours.xml
2025-10-11 16:49:31,761 - vessel_data_pipeline - INFO - Verified access to Departed_in_last_36_hours.xml
2025-10-11 16:49:32,110 - vessel_data_pipeline - INFO - Verified access to Expected_arrivals.xml
2025-10-11 16:49:32,592 - vessel_data_pipeline - INFO - Verified access to Expected_departures.xml
2025-10-11 16:49:32,592 - vessel_data_pipeline - INFO - Discovered 4 XML files for download
2025-10-11 16:49:32,592 - vessel_data_pipeline - INFO - Downloading Arrived_in_last_36_hours.xml (attempt 1/3)
2025-10-11 16:49:32,878 - vessel_data_pipeline - INFO - File temp_Arrived_in_last_36_hours.xml passed validation checks
2025-10-11 16:49:32,879 - vessel_data_pipeline - INFO - Created backup: Arrived_in_last_36_hours_20251011_164932.xml
2025-10-11 16:49:32,879 - vessel_data_pipeline - INFO - Updated metadata for Arrived_in_last_36_hours.xml
2025-10-11 16:49:32,880 - vessel_data_pipeline - INFO - Successfully downloaded and validated Arrived_in_last_36_hours.xml
2025-10-11 16:49:34,885 - vessel_data_pipeline - INFO - Downloading Departed_in_last_36_hours.xml (attempt 1/3)
2025-10-11 16:49:35,816 - vessel_data_pipeline - INFO - File temp_Departed_in_last_36_hours.xml passed validation checks
2025-10-11 16:49:35,816 - vessel_data_pipeline - INFO - Created backup: Departed_in_last_36_hours_20251011_164935.xml
2025-10-11 16:49:35,817 - vessel_data_pipeline - INFO - Updated metadata for Departed_in_last_36_hours.xml
2025-10-11 16:49:35,817 - vessel_data_pipeline - INFO - Successfully downloaded and validated Departed_in_last_36_hours.xml
2025-10-11 16:49:37,820 - vessel_data_pipeline - INFO - Downloading Expected_arrivals.xml (attempt 1/3)
2025-10-11 16:49:38,604 - vessel_data_pipeline - INFO - File temp_Expected_arrivals.xml passed validation checks
2025-10-11 16:49:38,604 - vessel_data_pipeline - INFO - Created backup: Expected_arrivals_20251011_164938.xml
2025-10-11 16:49:38,604 - vessel_data_pipeline - INFO - Updated metadata for Expected_arrivals.xml
2025-10-11 16:49:38,604 - vessel_data_pipeline - INFO - Successfully downloaded and validated Expected_arrivals.xml
2025-10-11 16:49:39,726 - vessel_data_pipeline - INFO - VesselDataFetcher initialized. Pipeline enabled: True
2025-10-11 16:49:39,726 - vessel_data_pipeline - INFO - Starting vessel data fetch operation
2025-10-11 16:49:39,726 - vessel_data_pipeline - INFO - Discovering XML files from Hong Kong Marine Department portal
2025-10-11 16:49:40,080 - vessel_data_pipeline - INFO - Verified access to Arrived_in_last_36_hours.xml
2025-10-11 16:49:40,344 - vessel_data_pipeline - INFO - Verified access to Departed_in_last_36_hours.xml
2025-10-11 16:49:40,379 - vessel_data_pipeline - INFO - Verified access to Expected_arrivals.xml
2025-10-11 16:49:40,609 - vessel_data_pipeline - INFO - Downloading Expected_departures.xml (attempt 1/3)
2025-10-11 16:49:40,662 - vessel_data_pipeline - INFO - Verified access to Expected_departures.xml
2025-10-11 16:49:40,662 - vessel_data_pipeline - INFO - Discovered 4 XML files for download
2025-10-11 16:49:40,662 - vessel_data_pipeline - INFO - Downloading Arrived_in_last_36_hours.xml (attempt 1/3)
2025-10-11 16:49:40,884 - vessel_data_pipeline - INFO - File temp_Expected_departures.xml passed validation checks
2025-10-11 16:49:40,885 - vessel_data_pipeline - INFO - Created backup: Expected_departures_20251011_164940.xml
2025-10-11 16:49:40,885 - vessel_data_pipeline - INFO - Updated metadata for Expected_departures.xml
2025-10-11 16:49:40,886 - vessel_data_pipeline - INFO - Successfully downloaded and validated Expected_departures.xml
2025-10-11 16:49:40,948 - vessel_data_pipeline - INFO - File temp_Arrived_in_last_36_hours.xml passed validation checks
2025-10-11 16:49:40,948 - vessel_data_pipeline - INFO - Created backup: Arrived_in_last_36_hours_20251011_164940.xml
2025-10-11 16:49:40,948 - vessel_data_pipeline - INFO - Updated metadata for Arrived_in_last_36_hours.xml
2025-10-11 16:49:40,948 - vessel_data_pipeline - INFO - Successfully downloaded and validated Arrived_in_last_36_hours.xml
2025-10-11 16:49:42,886 - vessel_data_pipeline - INFO - Fetch operation completed. Results: {'Arrived_in_last_36_hours.xml': True, 'Departed_in_last_36_hours.xml': True, 'Expected_arrivals.xml': True, 'Expected_departures.xml': True}
2025-10-11 16:49:42,891 - vessel_data_pipeline - INFO - VesselDataFetcher initialized. Pipeline enabled: True
2025-10-11 16:49:42,907 - vessel_data_pipeline - INFO - Starting vessel data fetch operation
2025-10-11 16:49:42,909 - vessel_data_pipeline - INFO - Discovering XML files from Hong Kong Marine Department portal
2025-10-11 16:49:42,977 - vessel_data_pipeline - INFO - Downloading Departed_in_last_36_hours.xml (attempt 1/3)
2025-10-11 16:49:43,497 - vessel_data_pipeline - INFO - Verified access to Arrived_in_last_36_hours.xml
2025-10-11 16:49:43,979 - vessel_data_pipeline - INFO - Verified access to Departed_in_last_36_hours.xml
2025-10-11 16:49:44,504 - vessel_data_pipeline - INFO - Verified access to Expected_arrivals.xml
2025-10-11 16:49:44,596 - vessel_data_pipeline - INFO - File temp_Departed_in_last_36_hours.xml passed validation checks
2025-10-11 16:49:44,597 - vessel_data_pipeline - INFO - Created backup: Departed_in_last_36_hours_20251011_164944.xml
2025-10-11 16:49:44,597 - vessel_data_pipeline - INFO - Updated metadata for Departed_in_last_36_hours.xml
2025-10-11 16:49:44,597 - vessel_data_pipeline - INFO - Successfully downloaded and validated Departed_in_last_36_hours.xml
2025-10-11 16:49:44,773 - vessel_data_pipeline - INFO - Verified access to Expected_departures.xml
2025-10-11 16:49:44,773 - vessel_data_pipeline - INFO - Discovered 4 XML files for download
2025-10-11 16:49:44,773 - vessel_data_pipeline - INFO - Downloading Arrived_in_last_36_hours.xml (attempt 1/3)
2025-10-11 16:49:45,278 - vessel_data_pipeline - INFO - File temp_Arrived_in_last_36_hours.xml passed validation checks
2025-10-11 16:49:45,279 - vessel_data_pipeline - INFO - Created backup: Arrived_in_last_36_hours_20251011_164945.xml
2025-10-11 16:49:45,279 - vessel_data_pipeline - INFO - Updated metadata for Arrived_in_last_36_hours.xml
2025-10-11 16:49:45,279 - vessel_data_pipeline - INFO - Successfully downloaded and validated Arrived_in_last_36_hours.xml
2025-10-11 16:49:46,602 - vessel_data_pipeline - INFO - Downloading Expected_arrivals.xml (attempt 1/3)
2025-10-11 16:49:46,694 - vessel_data_pipeline - INFO - File temp_Expected_arrivals.xml passed validation checks
2025-10-11 16:49:46,694 - vessel_data_pipeline - INFO - Created backup: Expected_arrivals_20251011_164946.xml
2025-10-11 16:49:46,694 - vessel_data_pipeline - INFO - Updated metadata for Expected_arrivals.xml
2025-10-11 16:49:46,694 - vessel_data_pipeline - INFO - Successfully downloaded and validated Expected_arrivals.xml
2025-10-11 16:49:47,284 - vessel_data_pipeline - INFO - Downloading Departed_in_last_36_hours.xml (attempt 1/3)
2025-10-11 16:49:47,600 - vessel_data_pipeline - INFO - File temp_Departed_in_last_36_hours.xml passed validation checks
2025-10-11 16:49:47,601 - vessel_data_pipeline - INFO - Created backup: Departed_in_last_36_hours_20251011_164947.xml
2025-10-11 16:49:47,601 - vessel_data_pipeline - INFO - Updated metadata for Departed_in_last_36_hours.xml
2025-10-11 16:49:47,601 - vessel_data_pipeline - INFO - Successfully downloaded and validated Departed_in_last_36_hours.xml
2025-10-11 16:49:48,697 - vessel_data_pipeline - INFO - Downloading Expected_departures.xml (attempt 1/3)
2025-10-11 16:49:48,986 - vessel_data_pipeline - INFO - File temp_Expected_departures.xml passed validation checks
2025-10-11 16:49:48,987 - vessel_data_pipeline - INFO - Created backup: Expected_departures_20251011_164948.xml
2025-10-11 16:49:48,987 - vessel_data_pipeline - INFO - Updated metadata for Expected_departures.xml
2025-10-11 16:49:48,987 - vessel_data_pipeline - INFO - Successfully downloaded and validated Expected_departures.xml
2025-10-11 16:49:49,606 - vessel_data_pipeline - INFO - Downloading Expected_arrivals.xml (attempt 1/3)
2025-10-11 16:49:49,974 - vessel_data_pipeline - INFO - File temp_Expected_arrivals.xml passed validation checks
2025-10-11 16:49:49,975 - vessel_data_pipeline - INFO - Created backup: Expected_arrivals_20251011_164949.xml
2025-10-11 16:49:49,975 - vessel_data_pipeline - INFO - Updated metadata for Expected_arrivals.xml
2025-10-11 16:49:49,975 - vessel_data_pipeline - INFO - Successfully downloaded and validated Expected_arrivals.xml
2025-10-11 16:49:50,988 - vessel_data_pipeline - INFO - Fetch operation completed. Results: {'Arrived_in_last_36_hours.xml': True, 'Departed_in_last_36_hours.xml': True, 'Expected_arrivals.xml': True, 'Expected_departures.xml': True}
2025-10-11 16:49:50,999 - vessel_data_pipeline - INFO - VesselDataFetcher initialized. Pipeline enabled: True
2025-10-11 16:49:50,999 - vessel_data_pipeline - INFO - Starting vessel data fetch operation
2025-10-11 16:49:51,000 - vessel_data_pipeline - INFO - Discovering XML files from Hong Kong Marine Department portal
2025-10-11 16:49:51,418 - vessel_data_pipeline - INFO - Verified access to Arrived_in_last_36_hours.xml
2025-10-11 16:49:51,701 - vessel_data_pipeline - INFO - Verified access to Departed_in_last_36_hours.xml
2025-10-11 16:49:51,980 - vessel_data_pipeline - INFO - Downloading Expected_departures.xml (attempt 1/3)
2025-10-11 16:49:52,187 - vessel_data_pipeline - INFO - Verified access to Expected_arrivals.xml
2025-10-11 16:49:52,270 - vessel_data_pipeline - INFO - File temp_Expected_departures.xml passed validation checks
2025-10-11 16:49:52,271 - vessel_data_pipeline - INFO - Created backup: Expected_departures_20251011_164952.xml
2025-10-11 16:49:52,271 - vessel_data_pipeline - INFO - Updated metadata for Expected_departures.xml
2025-10-11 16:49:52,271 - vessel_data_pipeline - INFO - Successfully downloaded and validated Expected_departures.xml
2025-10-11 16:49:52,516 - vessel_data_pipeline - INFO - Verified access to Expected_departures.xml
2025-10-11 16:49:52,516 - vessel_data_pipeline - INFO - Discovered 4 XML files for download
2025-10-11 16:49:52,516 - vessel_data_pipeline - INFO - Downloading Arrived_in_last_36_hours.xml (attempt 1/3)
2025-10-11 16:49:53,001 - vessel_data_pipeline - INFO - File temp_Arrived_in_last_36_hours.xml passed validation checks
2025-10-11 16:49:53,001 - vessel_data_pipeline - INFO - Created backup: Arrived_in_last_36_hours_20251011_164953.xml
2025-10-11 16:49:53,001 - vessel_data_pipeline - INFO - Updated metadata for Arrived_in_last_36_hours.xml
2025-10-11 16:49:53,001 - vessel_data_pipeline - INFO - Successfully downloaded and validated Arrived_in_last_36_hours.xml
2025-10-11 16:49:54,272 - vessel_data_pipeline - INFO - Fetch operation completed. Results: {'Arrived_in_last_36_hours.xml': True, 'Departed_in_last_36_hours.xml': True, 'Expected_arrivals.xml': True, 'Expected_departures.xml': True}
2025-10-11 16:49:55,574 - vessel_data_pipeline - INFO - Downloading Departed_in_last_36_hours.xml (attempt 1/3)
2025-10-11 16:49:56,475 - vessel_data_pipeline - INFO - File temp_Departed_in_last_36_hours.xml passed validation checks
2025-10-11 16:49:56,478 - vessel_data_pipeline - INFO - Created backup: Departed_in_last_36_hours_20251011_164956.xml
2025-10-11 16:49:56,478 - vessel_data_pipeline - INFO - Updated metadata for Departed_in_last_36_hours.xml
2025-10-11 16:49:56,478 - vessel_data_pipeline - INFO - Successfully downloaded and validated Departed_in_last_36_hours.xml
2025-10-11 16:49:58,483 - vessel_data_pipeline - INFO - Downloading Expected_arrivals.xml (attempt 1/3)
2025-10-11 16:49:58,807 - vessel_data_pipeline - INFO - File temp_Expected_arrivals.xml passed validation checks
2025-10-11 16:49:58,822 - vessel_data_pipeline - INFO - Created backup: Expected_arrivals_20251011_164958.xml
2025-10-11 16:49:58,835 - vessel_data_pipeline - INFO - Updated metadata for Expected_arrivals.xml
2025-10-11 16:49:58,837 - vessel_data_pipeline - INFO - Successfully downloaded and validated Expected_arrivals.xml
2025-10-11 16:50:00,840 - vessel_data_pipeline - INFO - Downloading Expected_departures.xml (attempt 1/3)
2025-10-11 16:50:01,575 - vessel_data_pipeline - INFO - File temp_Expected_departures.xml passed validation checks
2025-10-11 16:50:01,581 - vessel_data_pipeline - INFO - Created backup: Expected_departures_20251011_165001.xml
2025-10-11 16:50:01,587 - vessel_data_pipeline - INFO - Updated metadata for Expected_departures.xml
2025-10-11 16:50:01,587 - vessel_data_pipeline - INFO - Successfully downloaded and validated Expected_departures.xml
2025-10-11 16:50:03,591 - vessel_data_pipeline - INFO - Fetch operation completed. Results: {'Arrived_in_last_36_hours.xml': True, 'Departed_in_last_36_hours.xml': True, 'Expected_arrivals.xml': True, 'Expected_departures.xml': True}
2025-10-11 17:24:38,839 - vessel_data_pipeline - INFO - VesselDataFetcher initialized. Pipeline enabled: True
2025-10-11 17:24:38,840 - vessel_data_pipeline - INFO - Starting vessel data fetch operation
2025-10-11 17:24:38,840 - vessel_data_pipeline - INFO - Discovering XML files from Hong Kong Marine Department portal
2025-10-11 17:24:39,820 - vessel_data_pipeline - INFO - Verified access to Arrived_in_last_36_hours.xml
2025-10-11 17:24:41,608 - vessel_data_pipeline - INFO - Verified access to Departed_in_last_36_hours.xml
2025-10-11 17:24:42,277 - vessel_data_pipeline - INFO - Verified access to Expected_arrivals.xml
2025-10-11 17:24:43,242 - vessel_data_pipeline - INFO - Verified access to Expected_departures.xml
2025-10-11 17:24:43,242 - vessel_data_pipeline - INFO - Discovered 4 XML files for download
2025-10-11 17:24:43,243 - vessel_data_pipeline - INFO - Downloading Arrived_in_last_36_hours.xml (attempt 1/3)
2025-10-11 17:24:43,614 - vessel_data_pipeline - INFO - File temp_Arrived_in_last_36_hours.xml passed validation checks
2025-10-11 17:24:43,615 - vessel_data_pipeline - INFO - Created backup: Arrived_in_last_36_hours_20251011_172443.xml
2025-10-11 17:24:43,616 - vessel_data_pipeline - INFO - Updated metadata for Arrived_in_last_36_hours.xml
2025-10-11 17:24:43,616 - vessel_data_pipeline - INFO - Successfully downloaded and validated Arrived_in_last_36_hours.xml
2025-10-11 17:24:45,620 - vessel_data_pipeline - INFO - Downloading Departed_in_last_36_hours.xml (attempt 1/3)
2025-10-11 17:24:46,243 - vessel_data_pipeline - INFO - File temp_Departed_in_last_36_hours.xml passed validation checks
2025-10-11 17:24:46,244 - vessel_data_pipeline - INFO - Created backup: Departed_in_last_36_hours_20251011_172446.xml
2025-10-11 17:24:46,244 - vessel_data_pipeline - INFO - Updated metadata for Departed_in_last_36_hours.xml
2025-10-11 17:24:46,244 - vessel_data_pipeline - INFO - Successfully downloaded and validated Departed_in_last_36_hours.xml
2025-10-11 17:24:48,249 - vessel_data_pipeline - INFO - Downloading Expected_arrivals.xml (attempt 1/3)
